SF:lib/src/interceptors/app_version_interceptor.dart
DA:6,1
DA:11,1
DA:13,2
DA:14,3
DA:15,1
DA:19,1
LF:6
LH:6
end_of_record
SF:lib/src/data/impl/firebase_remote_config_repository.dart
DA:7,1
DA:9,1
DA:11,1
DA:13,1
DA:15,1
DA:17,1
DA:26,1
DA:29,1
DA:31,3
DA:32,1
DA:37,3
DA:38,4
DA:40,2
DA:42,0
DA:43,0
DA:44,0
DA:46,0
DA:48,1
DA:49,0
DA:50,1
DA:52,2
DA:56,0
DA:57,0
DA:59,0
DA:60,0
DA:61,0
DA:65,0
DA:68,1
DA:69,1
DA:76,0
DA:77,0
DA:79,0
DA:80,0
DA:85,1
DA:86,1
DA:87,3
DA:88,3
DA:93,0
DA:94,0
DA:95,0
DA:96,0
DA:101,0
DA:102,0
DA:104,0
DA:105,0
DA:110,1
DA:113,1
DA:114,3
DA:115,3
DA:119,1
DA:121,2
LF:51
LH:28
end_of_record
SF:lib/src/data/remote_config_repository.dart
DA:1,8
DA:10,3
LF:2
LH:2
end_of_record
SF:lib/src/data/user_data_repository.dart
DA:18,0
DA:20,0
DA:21,0
DA:26,0
DA:30,0
DA:31,0
DA:33,0
DA:36,0
DA:37,0
LF:9
LH:0
end_of_record
SF:lib/src/environment_variables.dart
DA:17,0
DA:27,0
LF:2
LH:0
end_of_record
SF:lib/src/models/user_data.dart
DA:13,2
DA:22,2
DA:23,1
DA:24,1
DA:25,1
DA:26,1
DA:27,3
DA:28,1
DA:31,0
DA:32,0
DA:33,0
DA:34,0
DA:35,0
DA:36,0
DA:37,0
DA:38,0
DA:42,0
DA:52,0
DA:53,0
DA:54,0
DA:55,0
DA:56,0
DA:57,0
DA:58,0
DA:61,1
DA:62,1
DA:63,1
DA:64,1
DA:65,1
DA:66,1
DA:67,1
DA:68,1
LF:32
LH:16
end_of_record
SF:lib/src/modules.dart
DA:5,0
DA:34,0
DA:35,0
DA:36,0
DA:39,0
DA:40,0
DA:41,0
DA:46,0
DA:47,0
DA:48,0
DA:49,0
DA:52,0
DA:53,0
DA:56,0
DA:57,0
DA:58,0
DA:59,0
DA:63,0
LF:18
LH:0
end_of_record
SF:lib/src/services/dio_service.dart
DA:7,0
DA:9,0
DA:10,0
DA:16,0
DA:18,0
LF:5
LH:0
end_of_record
SF:lib/src/services/me_service.dart
DA:7,1
DA:9,1
DA:10,3
DA:11,2
LF:4
LH:4
end_of_record
SF:lib/src/services/shared_prefs.dart
DA:7,0
DA:9,0
DA:10,0
DA:13,0
DA:16,0
DA:23,0
DA:24,0
DA:26,0
DA:31,0
DA:32,0
DA:35,0
DA:37,0
DA:40,0
LF:13
LH:0
end_of_record
SF:lib/src/services/status_bar_service.dart
DA:10,1
DA:12,1
DA:13,2
DA:16,2
DA:23,1
DA:25,1
DA:27,2
DA:32,1
DA:33,1
DA:34,2
DA:37,3
DA:44,1
DA:45,1
DA:47,0
DA:48,0
LF:15
LH:13
end_of_record
SF:lib/src/services/user_data_service.dart
DA:7,0
DA:12,0
DA:14,0
DA:15,0
DA:18,0
DA:22,0
DA:23,0
DA:25,0
LF:8
LH:0
end_of_record
SF:lib/src/utils/currency_text_input_mask.dart
DA:18,0
DA:20,0
DA:22,0
DA:24,0
DA:28,0
DA:36,0
DA:39,0
DA:40,0
DA:42,0
DA:43,0
DA:45,0
DA:47,0
DA:50,0
DA:52,0
DA:53,0
DA:54,0
DA:55,0
DA:56,0
DA:58,0
DA:60,0
DA:61,0
DA:62,0
DA:63,0
DA:66,0
DA:69,0
DA:70,0
DA:73,0
DA:74,0
DA:76,0
DA:79,0
DA:81,0
DA:82,0
DA:83,0
DA:84,0
DA:87,0
DA:88,0
DA:91,0
DA:92,0
DA:93,0
DA:94,0
DA:99,0
DA:101,0
DA:102,0
DA:103,0
DA:107,0
DA:108,0
DA:112,0
DA:113,0
DA:117,0
DA:118,0
DA:119,0
DA:123,0
DA:125,0
DA:126,0
DA:127,0
DA:129,0
DA:132,0
DA:134,0
DA:136,0
DA:141,0
DA:143,0
DA:144,0
DA:146,0
DA:149,0
DA:151,0
DA:152,0
LF:66
LH:0
end_of_record
SF:lib/src/utils/dio_error.dart
DA:3,0
DA:4,0
DA:6,1
DA:7,5
DA:9,1
DA:10,5
DA:11,2
LF:7
LH:5
end_of_record
SF:lib/src/utils/extensions.dart
DA:2,1
DA:3,1
DA:4,2
DA:6,0
DA:7,0
DA:9,6
DA:11,2
DA:12,2
DA:14,10
DA:17,2
DA:19,5
LF:11
LH:9
end_of_record
SF:lib/src/utils/messages_extensions.dart
DA:3,1
DA:6,1
DA:7,3
DA:8,1
DA:9,3
DA:13,2
LF:6
LH:6
end_of_record
SF:lib/src/utils/route_navigator.dart
DA:8,0
DA:14,0
DA:15,0
DA:17,0
DA:18,0
LF:5
LH:0
end_of_record
SF:lib/src/utils/safe_state.dart
DA:4,0
DA:6,0
DA:7,0
LF:3
LH:0
end_of_record
SF:lib/src/utils/utils.dart
DA:10,1
DA:11,1
DA:12,3
DA:15,1
DA:16,1
DA:18,2
DA:19,2
DA:20,3
DA:23,2
DA:24,3
DA:27,1
DA:28,3
DA:29,3
DA:32,1
DA:33,2
DA:35,1
DA:36,1
DA:37,2
DA:38,2
DA:39,2
DA:40,1
DA:44,2
DA:46,1
DA:51,2
DA:52,1
DA:53,3
DA:54,1
DA:56,2
DA:58,4
DA:61,5
DA:62,5
DA:67,1
DA:68,2
DA:71,1
DA:72,1
DA:73,3
DA:76,1
DA:78,1
DA:80,1
DA:81,1
DA:82,2
DA:85,1
DA:86,2
DA:89,1
DA:98,1
DA:102,1
DA:104,1
DA:106,1
DA:108,2
DA:109,1
DA:112,1
DA:119,1
DA:120,2
DA:128,0
DA:136,0
DA:145,0
DA:146,0
DA:147,0
DA:148,0
DA:149,0
DA:150,0
DA:151,0
DA:155,1
DA:157,1
DA:159,3
DA:160,3
DA:162,1
DA:163,1
DA:165,1
DA:166,1
DA:169,1
DA:171,2
DA:174,1
DA:176,2
DA:179,1
DA:181,2
DA:184,1
DA:186,1
DA:191,1
DA:196,1
DA:198,2
LF:81
LH:72
end_of_record
