SF:lib/src/data/cards_data.dart
DA:4,19
DA:11,19
DA:15,3
DA:16,3
DA:17,12
DA:18,1
DA:22,3
DA:23,3
DA:24,12
DA:32,6
DA:34,2
DA:35,3
DA:36,10
DA:49,39
DA:59,4
DA:60,2
DA:61,2
DA:62,2
DA:63,2
DA:64,4
DA:65,4
DA:66,2
DA:69,2
DA:70,2
DA:71,2
DA:72,2
DA:73,2
DA:74,2
DA:75,2
DA:76,2
DA:77,2
DA:82,3
DA:83,3
DA:84,3
DA:85,3
DA:86,3
DA:87,3
DA:88,3
DA:89,3
DA:90,3
LF:40
LH:40
end_of_record
SF:lib/src/logic/cards_model.dart
DA:7,2
DA:9,2
DA:11,1
DA:12,2
DA:13,1
DA:14,3
DA:17,4
LF:7
LH:7
end_of_record
SF:lib/src/data/cards_repository.dart
DA:17,1
DA:19,1
DA:20,3
DA:21,2
DA:24,1
DA:26,3
DA:27,1
DA:28,1
DA:35,1
DA:36,3
DA:37,1
DA:38,1
DA:45,1
DA:46,3
DA:49,1
DA:50,6
DA:51,3
DA:55,1
DA:56,6
DA:57,3
LF:20
LH:20
end_of_record
SF:lib/src/ui/widgets/active_virtual_card.dart
DA:9,2
DA:13,1
DA:18,2
DA:20,2
DA:22,2
DA:23,2
DA:24,2
DA:34,2
DA:38,0
DA:39,0
DA:40,2
DA:42,2
DA:43,2
DA:45,2
DA:46,2
DA:48,2
DA:49,2
DA:50,2
DA:52,4
DA:55,2
DA:56,2
DA:57,2
DA:58,2
DA:61,4
DA:72,2
DA:73,6
LF:26
LH:24
end_of_record
SF:lib/src/ui/widgets/virtual_card.dart
DA:5,31
DA:17,9
DA:19,3
DA:20,3
DA:21,6
DA:22,3
DA:23,3
DA:24,3
DA:26,3
DA:28,3
DA:29,3
DA:30,3
DA:31,2
DA:40,3
DA:42,3
DA:43,3
DA:45,3
DA:48,3
DA:52,3
DA:53,3
DA:56,3
LF:21
LH:21
end_of_record
SF:lib/src/ui/widgets/blocked_virtual_card.dart
DA:8,2
DA:17,14
DA:19,2
DA:20,2
DA:22,2
LF:5
LH:5
end_of_record
SF:lib/src/ui/widgets/virtual_card_field.dart
DA:10,3
DA:15,2
DA:22,2
DA:24,2
DA:27,4
DA:28,2
DA:29,2
DA:30,2
DA:31,2
DA:35,2
DA:37,2
DA:40,2
DA:41,2
DA:42,2
DA:53,2
DA:54,2
DA:55,2
DA:56,2
DA:57,2
DA:66,2
DA:68,2
DA:71,2
DA:91,2
DA:95,2
DA:107,2
DA:108,2
DA:109,2
DA:120,2
DA:121,2
DA:125,4
DA:130,2
DA:131,2
LF:32
LH:32
end_of_record
SF:lib/src/cards_module.dart
DA:27,0
DA:32,0
DA:33,0
DA:34,0
DA:35,0
DA:36,0
DA:37,0
DA:38,0
DA:40,0
DA:41,0
DA:42,0
DA:43,0
DA:44,0
DA:46,0
DA:47,0
DA:49,0
DA:50,0
DA:51,0
DA:53,0
DA:54,0
DA:55,0
DA:56,0
DA:58,0
DA:59,0
DA:61,0
DA:63,0
DA:64,0
DA:66,0
DA:67,0
LF:29
LH:0
end_of_record
SF:lib/src/logic/change_status_card.dart
DA:13,3
DA:17,2
DA:23,1
DA:26,4
DA:27,8
DA:29,8
DA:31,6
DA:32,4
DA:33,4
DA:36,2
DA:39,2
LF:11
LH:11
end_of_record
SF:lib/src/ui/change_password/change_password_container.dart
DA:17,13
DA:28,1
DA:34,1
DA:36,1
DA:38,1
DA:57,1
DA:59,1
DA:60,0
DA:61,0
DA:64,1
DA:68,1
DA:69,1
DA:70,1
DA:71,1
DA:72,1
DA:75,1
DA:76,1
DA:77,3
DA:78,1
DA:79,1
DA:80,1
DA:81,1
DA:82,1
DA:83,1
DA:84,1
DA:85,1
DA:86,1
DA:87,2
DA:88,2
DA:91,1
DA:93,1
DA:94,4
DA:96,1
DA:97,1
DA:98,2
DA:101,1
DA:102,1
DA:103,1
DA:104,1
DA:105,1
DA:108,1
DA:109,1
DA:110,1
DA:111,1
DA:113,1
DA:116,0
DA:120,1
DA:121,2
DA:122,1
DA:125,1
DA:126,1
DA:127,1
DA:128,1
DA:130,2
DA:131,1
DA:134,1
DA:135,1
DA:136,1
DA:137,1
DA:138,1
DA:144,1
DA:145,1
DA:147,1
DA:148,2
DA:149,1
DA:150,1
DA:153,1
DA:154,1
DA:155,3
DA:159,1
DA:160,4
DA:162,2
DA:163,1
DA:164,2
DA:165,2
DA:169,1
DA:170,2
DA:171,4
DA:173,1
DA:174,1
DA:177,1
DA:178,2
DA:179,2
DA:180,1
DA:185,1
DA:186,2
DA:187,1
DA:188,3
DA:191,1
DA:193,1
DA:196,1
DA:197,3
DA:198,3
DA:199,2
DA:200,1
DA:201,1
DA:202,1
DA:204,2
DA:205,1
DA:206,2
DA:207,2
DA:208,1
DA:209,1
DA:210,1
DA:213,1
DA:214,3
DA:216,2
DA:217,1
DA:218,1
DA:219,1
DA:223,2
DA:224,1
DA:225,1
DA:226,1
DA:231,0
DA:232,0
DA:233,0
DA:234,0
DA:235,0
DA:236,0
DA:238,0
DA:239,0
DA:240,0
DA:242,0
DA:245,1
DA:246,2
DA:247,2
DA:248,1
DA:249,1
DA:251,1
DA:254,1
DA:255,1
DA:256,3
DA:260,1
DA:261,2
DA:262,4
DA:263,1
DA:264,1
DA:269,1
DA:272,4
DA:273,0
DA:274,0
DA:275,0
DA:278,0
DA:282,0
DA:283,0
DA:284,0
DA:286,0
DA:289,2
DA:290,1
DA:294,0
DA:295,0
DA:296,0
DA:299,0
DA:301,0
DA:302,0
DA:303,0
DA:307,1
DA:309,1
DA:311,2
DA:312,1
DA:313,1
DA:316,4
DA:317,4
DA:318,1
DA:319,1
DA:322,2
DA:323,1
DA:324,2
DA:326,1
DA:327,0
DA:328,0
DA:330,0
DA:331,0
DA:332,0
DA:334,0
DA:337,3
DA:340,1
DA:341,2
DA:343,2
DA:344,1
DA:345,1
DA:349,1
DA:350,1
DA:352,3
DA:356,1
DA:357,1
DA:360,1
DA:361,0
DA:362,0
DA:369,0
DA:370,0
DA:371,0
LF:193
LH:154
end_of_record
SF:lib/src/ui/my_card_container.dart
DA:14,1
DA:20,1
DA:27,1
DA:28,1
DA:35,1
DA:37,1
DA:39,1
DA:42,1
DA:44,4
DA:45,3
DA:48,1
DA:50,1
DA:51,5
DA:52,0
DA:53,0
DA:54,0
DA:55,0
DA:57,0
DA:58,0
DA:59,0
DA:61,0
DA:62,0
DA:63,0
DA:64,0
DA:66,0
DA:70,1
DA:71,2
DA:72,3
DA:73,1
DA:77,0
DA:78,0
DA:81,0
DA:82,0
DA:83,0
LF:34
LH:17
end_of_record
SF:lib/src/ui/unlock_card/unlock_card_container.dart
DA:14,13
DA:24,1
DA:29,1
DA:31,1
DA:32,1
DA:45,1
DA:47,1
DA:49,2
DA:52,1
DA:54,1
DA:55,0
DA:56,0
DA:59,1
DA:60,3
DA:61,1
DA:63,1
DA:65,1
DA:66,1
DA:67,4
DA:68,1
DA:69,1
DA:70,1
DA:71,1
DA:72,1
DA:73,1
DA:74,1
DA:76,1
DA:81,1
DA:82,2
DA:83,2
DA:84,1
DA:85,1
DA:89,2
DA:90,1
DA:93,2
DA:94,3
DA:98,7
DA:100,2
DA:101,1
DA:102,2
DA:103,1
DA:104,2
DA:106,2
DA:107,1
DA:109,2
DA:113,2
DA:114,1
DA:115,2
DA:116,1
DA:120,1
DA:121,2
DA:122,2
DA:125,1
DA:128,1
DA:129,2
DA:130,2
DA:133,1
DA:135,2
DA:136,1
DA:137,2
DA:138,2
DA:139,1
DA:140,1
DA:141,1
DA:144,1
DA:145,1
DA:148,2
DA:149,1
DA:150,1
DA:151,1
DA:154,1
DA:155,1
DA:162,2
DA:163,1
DA:164,1
DA:165,1
DA:168,1
DA:169,1
DA:177,1
DA:178,2
DA:182,2
DA:183,1
DA:184,1
DA:186,1
DA:190,0
DA:191,1
DA:192,1
DA:196,0
DA:197,0
DA:198,0
DA:199,0
DA:201,0
DA:205,0
DA:207,0
DA:208,0
DA:210,0
DA:214,0
DA:215,0
DA:216,0
DA:221,1
DA:222,1
DA:224,2
DA:225,1
DA:226,1
DA:229,4
DA:230,4
DA:231,4
DA:232,1
DA:236,3
DA:237,2
DA:239,2
DA:240,1
DA:241,1
DA:242,1
DA:244,1
DA:248,2
DA:250,1
DA:251,1
DA:253,1
DA:257,1
DA:259,2
DA:260,1
DA:261,1
DA:267,1
DA:268,1
DA:269,1
DA:271,1
DA:272,0
DA:273,0
DA:274,0
DA:281,1
DA:282,2
DA:283,2
DA:284,1
DA:289,4
DA:303,1
DA:314,1
DA:316,1
DA:318,1
DA:319,1
DA:320,1
DA:321,1
DA:322,1
DA:324,1
DA:325,1
DA:326,1
DA:327,1
DA:328,1
DA:329,1
DA:332,1
DA:333,1
DA:336,0
LF:152
LH:133
end_of_record
SF:lib/src/ui/widgets/loading_virtual_card.dart
DA:7,0
DA:16,13
DA:18,0
DA:19,0
DA:20,0
DA:21,0
DA:22,0
DA:24,0
DA:25,0
DA:27,0
DA:30,0
DA:32,0
DA:34,0
LF:13
LH:1
end_of_record
SF:lib/src/analytics/block_card_events.dart
DA:6,1
DA:10,1
DA:14,1
DA:18,2
DA:20,1
DA:21,1
DA:22,1
DA:26,1
DA:29,2
DA:31,1
DA:36,2
LF:11
LH:11
end_of_record
SF:lib/src/analytics/card_events.dart
DA:7,2
DA:13,4
DA:15,2
DA:16,2
DA:17,2
DA:18,1
DA:19,1
DA:23,2
DA:26,4
DA:28,2
DA:33,2
DA:36,4
DA:38,2
DA:43,2
DA:46,4
DA:48,2
DA:53,3
LF:17
LH:17
end_of_record
SF:lib/src/analytics/change_password_events.dart
DA:9,1
DA:12,2
DA:14,1
DA:19,1
DA:22,2
DA:24,1
DA:29,2
DA:32,4
DA:34,2
DA:39,1
DA:43,2
DA:45,1
DA:51,2
DA:54,4
DA:56,2
DA:61,1
DA:64,2
DA:67,1
DA:72,1
DA:77,2
DA:80,1
DA:81,1
DA:82,1
DA:83,1
DA:87,1
DA:90,2
DA:93,1
DA:98,2
DA:101,4
DA:104,2
DA:109,1
DA:114,1
DA:118,2
DA:121,1
DA:122,1
DA:123,1
DA:127,2
DA:132,2
DA:137,2
DA:143,2
DA:148,2
DA:152,4
DA:155,2
DA:156,2
DA:157,2
DA:161,1
DA:164,2
DA:166,1
DA:167,1
DA:171,2
DA:175,1
LF:51
LH:51
end_of_record
SF:lib/src/analytics/permanent_block_card_events.dart
DA:9,2
DA:12,4
DA:15,2
DA:20,2
DA:23,1
DA:27,2
DA:29,1
DA:35,1
DA:39,2
DA:41,1
DA:47,1
DA:50,2
DA:52,1
LF:13
LH:13
end_of_record
SF:lib/src/analytics/unblock_card_events.dart
DA:9,6
DA:11,2
DA:12,1
DA:16,3
DA:18,2
DA:21,6
DA:23,3
DA:26,1
DA:30,2
DA:32,1
DA:33,1
DA:34,1
DA:38,2
DA:42,2
DA:43,4
DA:45,2
DA:48,2
DA:52,2
DA:53,4
DA:55,2
DA:60,2
DA:64,1
DA:69,2
DA:71,1
DA:72,1
DA:73,1
DA:74,1
DA:78,2
DA:83,1
DA:87,2
DA:89,1
DA:90,1
DA:91,1
DA:95,2
DA:100,1
DA:104,2
DA:106,1
DA:107,1
DA:108,1
DA:112,1
DA:116,2
DA:120,4
DA:122,2
DA:123,2
DA:124,2
DA:128,1
DA:131,2
DA:133,1
DA:138,2
DA:142,1
DA:145,2
DA:147,1
LF:52
LH:52
end_of_record
SF:lib/src/ui/change_password/change_password_help.dart
DA:12,1
DA:15,1
DA:17,1
DA:19,1
DA:20,1
DA:21,2
DA:23,1
DA:24,0
LF:8
LH:7
end_of_record
SF:lib/src/ui/change_password/change_password_success.dart
DA:11,1
DA:14,1
DA:16,1
DA:18,3
DA:20,1
DA:21,0
DA:23,1
DA:25,1
DA:27,1
DA:28,1
DA:29,4
DA:46,1
DA:47,0
DA:57,0
DA:58,0
DA:60,0
DA:61,0
LF:17
LH:11
end_of_record
SF:lib/src/ui/second_copy_request/second_copy_success.dart
DA:11,0
DA:13,0
DA:15,0
DA:17,0
DA:18,0
DA:19,0
DA:22,0
DA:23,0
DA:25,0
DA:28,0
DA:34,0
DA:35,0
LF:12
LH:0
end_of_record
SF:lib/src/ui/unlock_card/unlock_card_success.dart
DA:9,1
DA:12,1
DA:13,3
DA:18,1
DA:20,1
DA:22,1
DA:23,1
DA:25,1
DA:26,1
DA:27,1
DA:28,4
DA:46,1
DA:48,1
DA:49,1
DA:50,0
DA:64,0
DA:65,0
DA:67,0
DA:69,0
DA:70,0
LF:20
LH:14
end_of_record
SF:lib/src/data/auth_connection_type.dart
DA:3,15
DA:11,3
LF:2
LH:2
end_of_record
SF:lib/src/ui/change_password/confirmation_code.dart
DA:25,1
DA:36,1
DA:38,1
DA:39,1
DA:52,1
DA:54,1
DA:55,3
DA:57,2
DA:58,2
DA:62,1
DA:65,1
DA:66,3
DA:68,2
DA:69,0
DA:70,0
DA:71,0
DA:73,0
DA:76,2
DA:77,0
DA:78,0
DA:79,0
DA:82,0
DA:86,1
DA:88,2
DA:89,2
DA:90,1
DA:93,1
DA:95,1
DA:96,1
DA:97,3
DA:99,1
DA:100,2
DA:103,1
DA:106,1
DA:107,1
DA:109,1
DA:111,1
DA:113,1
DA:114,3
DA:115,3
DA:128,1
DA:129,1
DA:130,2
DA:131,4
DA:132,2
DA:133,2
DA:137,2
DA:138,0
DA:140,1
DA:141,1
DA:142,1
DA:150,0
DA:151,0
DA:152,0
DA:153,0
DA:154,0
DA:156,0
DA:158,0
DA:160,0
DA:161,0
DA:178,0
DA:179,0
DA:180,0
DA:182,0
DA:183,0
DA:200,2
DA:203,1
DA:204,1
DA:205,1
LF:69
LH:46
end_of_record
SF:lib/src/ui/password/password_validator.dart
DA:4,2
DA:5,4
DA:7,2
DA:8,2
LF:4
LH:4
end_of_record
SF:lib/src/ui/password/set_password.dart
DA:17,2
DA:29,2
DA:31,2
DA:32,2
DA:38,2
DA:40,2
DA:41,4
DA:42,4
DA:44,2
DA:48,2
DA:49,2
DA:51,2
DA:53,2
DA:54,4
DA:64,2
DA:66,4
DA:67,2
DA:68,4
DA:76,2
DA:78,4
DA:79,4
DA:80,2
DA:81,4
DA:82,4
DA:85,2
DA:93,2
DA:94,2
DA:96,2
DA:98,2
DA:100,2
DA:101,2
DA:102,2
DA:105,2
DA:107,2
DA:109,2
DA:112,2
DA:115,2
DA:121,2
DA:122,2
DA:123,2
DA:137,0
DA:138,0
DA:139,0
DA:142,0
DA:143,0
LF:45
LH:40
end_of_record
SF:lib/src/ui/my_card_page.dart
DA:23,1
DA:34,1
DA:36,3
DA:38,2
DA:39,4
DA:42,2
DA:43,4
DA:46,1
DA:47,1
DA:48,1
DA:49,2
DA:51,1
DA:53,0
DA:55,1
DA:56,0
DA:58,1
DA:59,1
DA:61,1
DA:62,1
DA:63,1
DA:64,1
DA:66,1
DA:67,1
LF:23
LH:21
end_of_record
SF:lib/src/ui/my_card_loading.dart
DA:7,0
DA:9,0
DA:10,0
DA:12,0
DA:14,0
DA:16,0
DA:20,0
DA:21,0
DA:30,0
DA:32,0
DA:33,0
DA:34,0
DA:35,0
DA:37,0
DA:39,0
DA:40,0
DA:42,0
DA:43,0
DA:45,0
DA:51,0
DA:53,0
DA:54,0
DA:56,0
DA:59,0
DA:61,0
DA:64,0
DA:66,0
LF:27
LH:0
end_of_record
SF:lib/src/ui/widgets/card_loaded.dart
DA:24,1
DA:33,1
DA:35,3
DA:36,3
DA:38,1
DA:39,1
DA:42,2
DA:43,3
DA:44,1
DA:46,1
DA:47,2
DA:48,1
DA:51,1
DA:53,1
DA:54,1
DA:55,1
DA:62,0
DA:63,0
DA:65,0
DA:66,0
DA:69,1
DA:70,1
DA:71,1
DA:81,1
DA:84,1
DA:85,1
DA:86,1
DA:87,1
DA:88,1
DA:91,1
DA:95,1
DA:104,1
DA:105,1
DA:106,3
DA:107,2
DA:108,1
DA:111,1
DA:112,1
DA:119,1
DA:120,1
DA:121,3
DA:122,2
DA:123,1
DA:133,1
DA:134,3
DA:136,2
DA:141,1
DA:142,0
DA:143,0
DA:144,0
DA:145,0
DA:153,0
DA:159,0
DA:160,0
DA:163,1
DA:164,1
DA:165,3
DA:166,2
DA:168,2
DA:173,0
DA:174,0
DA:175,0
DA:176,0
DA:178,0
DA:180,0
DA:181,0
DA:182,0
DA:183,0
DA:185,0
DA:186,0
DA:191,1
DA:192,3
DA:204,3
DA:206,2
DA:210,0
DA:211,0
DA:212,0
DA:215,0
DA:216,0
DA:217,0
LF:80
LH:52
end_of_record
SF:lib/src/ui/widgets/card_requested.dart
DA:12,2
DA:15,2
DA:16,6
DA:19,2
DA:21,2
DA:23,2
DA:26,2
LF:7
LH:7
end_of_record
SF:lib/src/ui/unlock_card/validate_card.dart
DA:10,1
DA:15,1
DA:17,1
DA:20,1
DA:23,1
DA:24,1
DA:26,1
DA:33,1
DA:34,1
DA:35,1
LF:10
LH:10
end_of_record
