TN:
SF:lib/src/exceptions/file_must_be_provided.dart
FNF:0
FNH:0
DA:2,0
LF:1
LH:0
end_of_record
TN:
SF:lib/src/models/branches.dart
FNF:0
FNH:0
DA:7,1
DA:20,2
LF:2
LH:2
end_of_record
TN:
SF:lib/src/models/enum.dart
FNF:0
FNH:0
DA:1,5
DA:16,2
DA:17,2
DA:18,8
DA:19,1
LF:5
LH:5
end_of_record
TN:
SF:lib/src/models/functions.dart
FNF:0
FNH:0
DA:6,1
DA:18,2
LF:2
LH:2
end_of_record
TN:
SF:lib/src/models/line.dart
FNF:0
FNH:0
DA:7,3
LF:1
LH:1
end_of_record
TN:
SF:lib/src/models/lines.dart
FNF:0
FNH:0
DA:5,2
DA:16,2
LF:2
LH:2
end_of_record
TN:
SF:lib/src/models/record.dart
FNF:0
FNH:0
DA:12,2
DA:20,2
DA:21,4
DA:22,4
DA:23,4
DA:25,2
LF:6
LH:6
end_of_record
TN:
SF:lib/src/parse_line.dart
FNF:0
FNH:0
DA:7,2
DA:8,2
DA:11,2
DA:12,2
DA:13,2
DA:14,4
DA:15,4
LF:7
LH:7
end_of_record
TN:
SF:lib/src/parser.dart
FNF:0
FNH:0
DA:9,1
DA:11,1
DA:12,1
DA:13,1
DA:15,3
DA:16,1
DA:17,1
DA:18,2
DA:19,1
DA:22,1
DA:23,1
DA:24,1
DA:26,1
DA:27,1
LF:14
LH:14
end_of_record
TN:
SF:lib/src/transformer.dart
FNF:0
FNH:0
DA:9,2
DA:10,2
DA:11,2
DA:12,3
DA:14,2
DA:15,6
DA:17,2
DA:18,1
DA:19,3
DA:20,3
DA:22,3
DA:24,2
DA:25,2
DA:26,3
DA:27,4
DA:28,2
DA:29,2
DA:33,2
DA:34,5
DA:36,2
DA:37,5
DA:39,2
DA:40,3
DA:41,3
DA:42,3
DA:43,3
DA:44,3
DA:45,1
DA:49,2
DA:53,2
DA:54,5
DA:56,2
DA:57,5
DA:59,2
DA:60,6
DA:61,6
DA:62,6
DA:63,2
DA:66,2
DA:67,10
DA:69,2
DA:70,10
LF:42
LH:42
end_of_record
